# JRE version: Java(TM) SE Runtime Environment (8.0_201-b09) (build 1.8.0_201-b09)
# Java VM: Java HotSpot(TM) 64-Bit Server VM (25.201-b09 mixed mode windows-amd64 compressed oops)
Heap:
 PSYoungGen      total 342528K, used 25396K [0x00000000d5600000, 0x00000000ebc80000, 0x0000000100000000)
  eden space 330752K, 4% used [0x00000000d5600000,0x00000000d63856e0,0x00000000e9900000)
  from space 11776K, 98% used [0x00000000eb100000,0x00000000ebc479f8,0x00000000ebc80000)
  to   space 14336K, 0% used [0x00000000ea080000,0x00000000ea080000,0x00000000eae80000)
 ParOldGen       total 77824K, used 32280K [0x0000000080200000, 0x0000000084e00000, 0x00000000d5600000)
  object space 77824K, 41% used [0x0000000080200000,0x00000000821863c0,0x0000000084e00000)
 Metaspace       used 55535K, capacity 57292K, committed 57432K, reserved 1099776K
  class space    used 6925K, capacity 7256K, committed 7296K, reserved 1048576K
GC Heap History (10 events):
Event: 8.410 GC heap before
{Heap before GC invocations=10 (full 2):
 PSYoungGen      total 128512K, used 116224K [0x00000000d5600000, 0x00000000e3580000, 0x0000000100000000)
  eden space 116224K, 100% used [0x00000000d5600000,0x00000000dc780000,0x00000000dc780000)
  from space 12288K, 0% used [0x00000000dc780000,0x00000000dc780000,0x00000000dd380000)
  to   space 13312K, 0% used [0x00000000e2880000,0x00000000e2880000,0x00000000e3580000)
 ParOldGen       total 77824K, used 17234K [0x0000000080200000, 0x0000000084e00000, 0x00000000d5600000)
  object space 77824K, 22% used [0x0000000080200000,0x00000000812d4a78,0x0000000084e00000)
 Metaspace       used 39170K, capacity 40410K, committed 40536K, reserved 1085440K
  class space    used 4980K, capacity 5221K, committed 5248K, reserved 1048576K
Event: 8.436 GC heap after
Heap after GC invocations=10 (full 2):
 PSYoungGen      total 197120K, used 8841K [0x00000000d5600000, 0x00000000e3180000, 0x0000000100000000)
  eden space 187904K, 0% used [0x00000000d5600000,0x00000000d5600000,0x00000000e0d80000)
  from space 9216K, 95% used [0x00000000e2880000,0x00000000e3122620,0x00000000e3180000)
  to   space 13312K, 0% used [0x00000000e1780000,0x00000000e1780000,0x00000000e2480000)
 ParOldGen       total 77824K, used 17242K [0x0000000080200000, 0x0000000084e00000, 0x00000000d5600000)
  object space 77824K, 22% used [0x0000000080200000,0x00000000812d6a78,0x0000000084e00000)
 Metaspace       used 39170K, capacity 40410K, committed 40536K, reserved 1085440K
  class space    used 4980K, capacity 5221K, committed 5248K, reserved 1048576K
}
Event: 10.927 GC heap before
{Heap before GC invocations=11 (full 2):
 PSYoungGen      total 197120K, used 196745K [0x00000000d5600000, 0x00000000e3180000, 0x0000000100000000)
  eden space 187904K, 100% used [0x00000000d5600000,0x00000000e0d80000,0x00000000e0d80000)
  from space 9216K, 95% used [0x00000000e2880000,0x00000000e3122620,0x00000000e3180000)
  to   space 13312K, 0% used [0x00000000e1780000,0x00000000e1780000,0x00000000e2480000)
 ParOldGen       total 77824K, used 17242K [0x0000000080200000, 0x0000000084e00000, 0x00000000d5600000)
  object space 77824K, 22% used [0x0000000080200000,0x00000000812d6a78,0x0000000084e00000)
 Metaspace       used 44964K, capacity 46232K, committed 46552K, reserved 1089536K
  class space    used 5575K, capacity 5844K, committed 5888K, reserved 1048576K
Event: 10.984 GC heap after
Heap after GC invocations=11 (full 2):
 PSYoungGen      total 211456K, used 11335K [0x00000000d5600000, 0x00000000e6a00000, 0x0000000100000000)
  eden space 198144K, 0% used [0x00000000d5600000,0x00000000d5600000,0x00000000e1780000)
  from space 13312K, 85% used [0x00000000e1780000,0x00000000e2291f68,0x00000000e2480000)
  to   space 13824K, 0% used [0x00000000e5c80000,0x00000000e5c80000,0x00000000e6a00000)
 ParOldGen       total 77824K, used 17250K [0x0000000080200000, 0x0000000084e00000, 0x00000000d5600000)
  object space 77824K, 22% used [0x0000000080200000,0x00000000812d8a78,0x0000000084e00000)
 Metaspace       used 44964K, capacity 46232K, committed 46552K, reserved 1089536K
  class space    used 5575K, capacity 5844K, committed 5888K, reserved 1048576K
}
Event: 12.287 GC heap before
{Heap before GC invocations=12 (full 2):
 PSYoungGen      total 211456K, used 209479K [0x00000000d5600000, 0x00000000e6a00000, 0x0000000100000000)
  eden space 198144K, 100% used [0x00000000d5600000,0x00000000e1780000,0x00000000e1780000)
  from space 13312K, 85% used [0x00000000e1780000,0x00000000e2291f68,0x00000000e2480000)
  to   space 13824K, 0% used [0x00000000e5c80000,0x00000000e5c80000,0x00000000e6a00000)
 ParOldGen       total 77824K, used 17250K [0x0000000080200000, 0x0000000084e00000, 0x00000000d5600000)
  object space 77824K, 22% used [0x0000000080200000,0x00000000812d8a78,0x0000000084e00000)
 Metaspace       used 45559K, capacity 46846K, committed 47064K, reserved 1091584K
  class space    used 5614K, capacity 5877K, committed 5888K, reserved 1048576K
Event: 12.316 GC heap after
Heap after GC invocations=12 (full 2):
 PSYoungGen      total 268800K, used 6432K [0x00000000d5600000, 0x00000000e7580000, 0x0000000100000000)
  eden space 254976K, 0% used [0x00000000d5600000,0x00000000d5600000,0x00000000e4f00000)
  from space 13824K, 46% used [0x00000000e5c80000,0x00000000e62c8050,0x00000000e6a00000)
  to   space 13824K, 0% used [0x00000000e4f00000,0x00000000e4f00000,0x00000000e5c80000)
 ParOldGen       total 77824K, used 22269K [0x0000000080200000, 0x0000000084e00000, 0x00000000d5600000)
  object space 77824K, 28% used [0x0000000080200000,0x00000000817bf568,0x0000000084e00000)
 Metaspace       used 45559K, capacity 46846K, committed 47064K, reserved 1091584K
  class space    used 5614K, capacity 5877K, committed 5888K, reserved 1048576K
}
Event: 14.244 GC heap before
{Heap before GC invocations=13 (full 2):
 PSYoungGen      total 268800K, used 261408K [0x00000000d5600000, 0x00000000e7580000, 0x0000000100000000)
  eden space 254976K, 100% used [0x00000000d5600000,0x00000000e4f00000,0x00000000e4f00000)
  from space 13824K, 46% used [0x00000000e5c80000,0x00000000e62c8050,0x00000000e6a00000)
  to   space 13824K, 0% used [0x00000000e4f00000,0x00000000e4f00000,0x00000000e5c80000)
 ParOldGen       total 77824K, used 22269K [0x0000000080200000, 0x0000000084e00000, 0x00000000d5600000)
  object space 77824K, 28% used [0x0000000080200000,0x00000000817bf568,0x0000000084e00000)
 Metaspace       used 46901K, capacity 48318K, committed 48600K, reserved 1091584K
  class space    used 5762K, capacity 6037K, committed 6144K, reserved 1048576K
Event: 14.294 GC heap after
Heap after GC invocations=13 (full 2):
 PSYoungGen      total 268800K, used 5414K [0x00000000d5600000, 0x00000000ebe80000, 0x0000000100000000)
  eden space 254976K, 0% used [0x00000000d5600000,0x00000000d5600000,0x00000000e4f00000)
  from space 13824K, 39% used [0x00000000e4f00000,0x00000000e5449aa0,0x00000000e5c80000)
  to   space 13824K, 0% used [0x00000000eb100000,0x00000000eb100000,0x00000000ebe80000)
 ParOldGen       total 77824K, used 28294K [0x0000000080200000, 0x0000000084e00000, 0x00000000d5600000)
  object space 77824K, 36% used [0x0000000080200000,0x0000000081da1a70,0x0000000084e00000)
 Metaspace       used 46901K, capacity 48318K, committed 48600K, reserved 1091584K
  class space    used 5762K, capacity 6037K, committed 6144K, reserved 1048576K
}
Event: 105.840 GC heap before
{Heap before GC invocations=14 (full 2):
 PSYoungGen      total 268800K, used 260390K [0x00000000d5600000, 0x00000000ebe80000, 0x0000000100000000)
  eden space 254976K, 100% used [0x00000000d5600000,0x00000000e4f00000,0x00000000e4f00000)
  from space 13824K, 39% used [0x00000000e4f00000,0x00000000e5449aa0,0x00000000e5c80000)
  to   space 13824K, 0% used [0x00000000eb100000,0x00000000eb100000,0x00000000ebe80000)
 ParOldGen       total 77824K, used 28294K [0x0000000080200000, 0x0000000084e00000, 0x00000000d5600000)
  object space 77824K, 36% used [0x0000000080200000,0x0000000081da1a70,0x0000000084e00000)
 Metaspace       used 55384K, capacity 57164K, committed 57432K, reserved 1099776K
  class space    used 6921K, capacity 7256K, committed 7296K, reserved 1048576K
Event: 105.891 GC heap after
Heap after GC invocations=14 (full 2):
 PSYoungGen      total 342528K, used 11550K [0x00000000d5600000, 0x00000000ebc80000, 0x0000000100000000)
  eden space 330752K, 0% used [0x00000000d5600000,0x00000000d5600000,0x00000000e9900000)
  from space 11776K, 98% used [0x00000000eb100000,0x00000000ebc479f8,0x00000000ebc80000)
  to   space 14336K, 0% used [0x00000000ea080000,0x00000000ea080000,0x00000000eae80000)
 ParOldGen       total 77824K, used 32280K [0x0000000080200000, 0x0000000084e00000, 0x00000000d5600000)
  object space 77824K, 41% used [0x0000000080200000,0x00000000821863c0,0x0000000084e00000)
 Metaspace       used 55384K, capacity 57164K, committed 57432K, reserved 1099776K
  class space    used 6921K, capacity 7256K, committed 7296K, reserved 1048576K
}

